           0   0.00000000    
           0   0.00000000    
           0   0.00000000    
           0   0.00000000    
           0   0.00000000    
           0   0.00000000    
           0   0.00000000    
           0   0.00000000    
           0   0.00000000    
           1   9.64632797    
           1   11.2726431    
           1   10.5485983    
           1   10.0739927    
           0   0.00000000    
           0   0.00000000    
           0   0.00000000    
           0   0.00000000    
           0   0.00000000    
           0   0.00000000    
           0   0.00000000    
           0   0.00000000    
           0   0.00000000    
           0   0.00000000    
           1   9.52498817    
           1   9.33563995    
           1   10.6370316    
           0   0.00000000    
           1   11.6399994    
           1   11.2894182    
           1   9.77314949    
           0   0.00000000    
           0   0.00000000    
           0   0.00000000    
           0   0.00000000    
           0   0.00000000    
           1   9.01269817    
           0   0.00000000    
           0   0.00000000    
           0   0.00000000    
           0   0.00000000    
           0   0.00000000    
           0   0.00000000    
           0   0.00000000    
           0   0.00000000    
           0   0.00000000    
           0   0.00000000    
           0   0.00000000    
           1   8.44545460    
           0   0.00000000    
           0   0.00000000    
           0   0.00000000    
           0   0.00000000    
           0   0.00000000    
           0   0.00000000    
           0   0.00000000    
           0   0.00000000    
           0   0.00000000    
           0   0.00000000    
           0   0.00000000    
           0   0.00000000    
           0   0.00000000    
           0   0.00000000    
           0   0.00000000    
           0   0.00000000    
           0   0.00000000    
           0   0.00000000    
           0   0.00000000    
           0   0.00000000    
           0   0.00000000    
           0   0.00000000    
           0   0.00000000    
           0   0.00000000    
           1   11.1123400    
           0   0.00000000    
           0   0.00000000    
           0   0.00000000    
           0   0.00000000    
           0   0.00000000    
           0   0.00000000    
           1   8.62862015    
           0   0.00000000    
           0   0.00000000    
           0   0.00000000    
           0   0.00000000    
           0   0.00000000    
           0   0.00000000    
           0   0.00000000    
           1   8.71510029    
           1   9.89411831    
           0   0.00000000    
           0   0.00000000    
           0   0.00000000    
           0   0.00000000    
           0   0.00000000    
           0   0.00000000    
           0   0.00000000    
           0   0.00000000    
           0   0.00000000    
           1   9.23029709    
           0   0.00000000    
           0   0.00000000    
           0   0.00000000    
           0   0.00000000    
           0   0.00000000    
           0   0.00000000    
           0   0.00000000    
           0   0.00000000    
           0   0.00000000    
           0   0.00000000    
           0   0.00000000    
           0   0.00000000    
           0   0.00000000    
           0   0.00000000    
           0   0.00000000    
           0   0.00000000    
           0   0.00000000    
           1   10.1268673    
           0   0.00000000    
           0   0.00000000    
           0   0.00000000    
           0   0.00000000    
           0   0.00000000    
           0   0.00000000    
           0   0.00000000    
           0   0.00000000    
           0   0.00000000    
           0   0.00000000    
           0   0.00000000    
           0   0.00000000    
           0   0.00000000    
           0   0.00000000    
           0   0.00000000    
           0   0.00000000    
           0   0.00000000    
           0   0.00000000    
           0   0.00000000    
           0   0.00000000    
           0   0.00000000    
           0   0.00000000    
           0   0.00000000    
           0   0.00000000    
           0   0.00000000    
           0   0.00000000    
           0   0.00000000    
           0   0.00000000    
           0   0.00000000    
           0   0.00000000    
           0   0.00000000    
           0   0.00000000    
           0   0.00000000    
           0   0.00000000    
           0   0.00000000    
           0   0.00000000    
           0   0.00000000    
           0   0.00000000    
           0   0.00000000    
           0   0.00000000    
           0   0.00000000    
           0   0.00000000    
           0   0.00000000    
           0   0.00000000    
           0   0.00000000    
           0   0.00000000    
           0   0.00000000    
           1   9.20677090    
           0   0.00000000    
           0   0.00000000    
           0   0.00000000    
           0   0.00000000    
           0   0.00000000    
           0   0.00000000    
           0   0.00000000    
           0   0.00000000    
           0   0.00000000    
           1   9.06722450    
           1   8.81680298    
           0   0.00000000    
           0   0.00000000    
           0   0.00000000    
           0   0.00000000    
           1   9.09084988    
           0   0.00000000    
           0   0.00000000    
           0   0.00000000    
           0   0.00000000    
           0   0.00000000    
           0   0.00000000    
           0   0.00000000    
           0   0.00000000    
           0   0.00000000    
           0   0.00000000    
           0   0.00000000    
           0   0.00000000    
           0   0.00000000    
           0   0.00000000    
           0   0.00000000    
           1   9.47905922    
           0   0.00000000    
           0   0.00000000    
           0   0.00000000    
           0   0.00000000    
           0   0.00000000    
           0   0.00000000    
           0   0.00000000    
           0   0.00000000    
           0   0.00000000    
           0   0.00000000    
           0   0.00000000    
           0   0.00000000    
           0   0.00000000    
           1   11.9993200    
           0   0.00000000    
           1   9.05036163    
           0   0.00000000    
           0   0.00000000    
           0   0.00000000    
           0   0.00000000    
           0   0.00000000    
           0   0.00000000    
           0   0.00000000    
           0   0.00000000    
           0   0.00000000    
           0   0.00000000    
           0   0.00000000    
           0   0.00000000    
           0   0.00000000    
           1   10.1473913    
           0   0.00000000    
           1   10.3021536    
           0   0.00000000    
           0   0.00000000    
           0   0.00000000    
           0   0.00000000    
           0   0.00000000    
           0   0.00000000    
           0   0.00000000    
           0   0.00000000    
           0   0.00000000    
           0   0.00000000    
           0   0.00000000    
           0   0.00000000    
           0   0.00000000    
           0   0.00000000    
           0   0.00000000    
           0   0.00000000    
           0   0.00000000    
           0   0.00000000    
           0   0.00000000    
           0   0.00000000    
           0   0.00000000    
           0   0.00000000    
           0   0.00000000    
           0   0.00000000    
           0   0.00000000    
           0   0.00000000    
           0   0.00000000    
