           0   0.00000000    
           0   0.00000000    
           0   0.00000000    
           0   0.00000000    
           0   0.00000000    
           0   0.00000000    
           0   0.00000000    
           0   0.00000000    
           0   0.00000000    
           1   9.65383911    
           1   11.2815199    
           1   10.5571308    
           1   10.0777330    
           0   0.00000000    
           0   0.00000000    
           0   0.00000000    
           0   0.00000000    
           0   0.00000000    
           0   0.00000000    
           0   0.00000000    
           0   0.00000000    
           0   0.00000000    
           0   0.00000000    
           1   9.51543045    
           1   9.31850338    
           1   10.6417303    
           0   0.00000000    
           1   11.6485071    
           1   11.2967272    
           1   9.77442169    
           0   0.00000000    
           0   0.00000000    
           0   0.00000000    
           0   0.00000000    
           0   0.00000000    
           1   9.01308441    
           0   0.00000000    
           0   0.00000000    
           0   0.00000000    
           0   0.00000000    
           0   0.00000000    
           0   0.00000000    
           0   0.00000000    
           0   0.00000000    
           0   0.00000000    
           0   0.00000000    
           0   0.00000000    
           1   8.42607117    
           0   0.00000000    
           0   0.00000000    
           0   0.00000000    
           0   0.00000000    
           0   0.00000000    
           0   0.00000000    
           0   0.00000000    
           0   0.00000000    
           0   0.00000000    
           0   0.00000000    
           0   0.00000000    
           0   0.00000000    
           0   0.00000000    
           0   0.00000000    
           0   0.00000000    
           0   0.00000000    
           0   0.00000000    
           0   0.00000000    
           0   0.00000000    
           0   0.00000000    
           0   0.00000000    
           0   0.00000000    
           0   0.00000000    
           0   0.00000000    
           1   11.1197290    
           0   0.00000000    
           0   0.00000000    
           0   0.00000000    
           0   0.00000000    
           0   0.00000000    
           0   0.00000000    
           1   8.62605286    
           0   0.00000000    
           0   0.00000000    
           0   0.00000000    
           0   0.00000000    
           0   0.00000000    
           0   0.00000000    
           0   0.00000000    
           1   8.72206306    
           1   9.90293217    
           0   0.00000000    
           0   0.00000000    
           0   0.00000000    
           0   0.00000000    
           0   0.00000000    
           0   0.00000000    
           0   0.00000000    
           0   0.00000000    
           0   0.00000000    
           1   9.22950554    
           0   0.00000000    
           0   0.00000000    
           0   0.00000000    
           0   0.00000000    
           0   0.00000000    
           0   0.00000000    
           0   0.00000000    
           0   0.00000000    
           0   0.00000000    
           0   0.00000000    
           0   0.00000000    
           0   0.00000000    
           0   0.00000000    
           0   0.00000000    
           0   0.00000000    
           0   0.00000000    
           0   0.00000000    
           1   10.1365509    
           0   0.00000000    
           0   0.00000000    
           0   0.00000000    
           0   0.00000000    
           0   0.00000000    
           0   0.00000000    
           0   0.00000000    
           0   0.00000000    
           0   0.00000000    
           0   0.00000000    
           0   0.00000000    
           0   0.00000000    
           0   0.00000000    
           0   0.00000000    
           0   0.00000000    
           0   0.00000000    
           0   0.00000000    
           0   0.00000000    
           0   0.00000000    
           0   0.00000000    
           0   0.00000000    
           0   0.00000000    
           0   0.00000000    
           0   0.00000000    
           0   0.00000000    
           0   0.00000000    
           0   0.00000000    
           0   0.00000000    
           0   0.00000000    
           0   0.00000000    
           0   0.00000000    
           0   0.00000000    
           0   0.00000000    
           0   0.00000000    
           0   0.00000000    
           0   0.00000000    
           0   0.00000000    
           0   0.00000000    
           0   0.00000000    
           0   0.00000000    
           0   0.00000000    
           0   0.00000000    
           0   0.00000000    
           0   0.00000000    
           0   0.00000000    
           0   0.00000000    
           0   0.00000000    
           1   9.20797348    
           0   0.00000000    
           0   0.00000000    
           0   0.00000000    
           0   0.00000000    
           0   0.00000000    
           0   0.00000000    
           0   0.00000000    
           0   0.00000000    
           0   0.00000000    
           1   9.06960011    
           1   8.81910801    
           0   0.00000000    
           0   0.00000000    
           0   0.00000000    
           0   0.00000000    
           1   9.09281826    
           0   0.00000000    
           0   0.00000000    
           0   0.00000000    
           0   0.00000000    
           0   0.00000000    
           0   0.00000000    
           0   0.00000000    
           0   0.00000000    
           0   0.00000000    
           0   0.00000000    
           0   0.00000000    
           0   0.00000000    
           0   0.00000000    
           0   0.00000000    
           0   0.00000000    
           1   9.48237133    
           0   0.00000000    
           0   0.00000000    
           0   0.00000000    
           0   0.00000000    
           0   0.00000000    
           0   0.00000000    
           0   0.00000000    
           0   0.00000000    
           0   0.00000000    
           0   0.00000000    
           0   0.00000000    
           0   0.00000000    
           0   0.00000000    
           1   12.0010662    
           0   0.00000000    
           1   9.05629158    
           0   0.00000000    
           0   0.00000000    
           0   0.00000000    
           0   0.00000000    
           0   0.00000000    
           0   0.00000000    
           0   0.00000000    
           0   0.00000000    
           0   0.00000000    
           0   0.00000000    
           0   0.00000000    
           0   0.00000000    
           0   0.00000000    
           1   10.1268091    
           0   0.00000000    
           1   10.2999868    
           0   0.00000000    
           0   0.00000000    
           0   0.00000000    
           0   0.00000000    
           0   0.00000000    
           0   0.00000000    
           0   0.00000000    
           0   0.00000000    
           0   0.00000000    
           0   0.00000000    
           0   0.00000000    
           0   0.00000000    
           0   0.00000000    
           0   0.00000000    
           0   0.00000000    
           0   0.00000000    
           0   0.00000000    
           0   0.00000000    
           0   0.00000000    
           0   0.00000000    
           0   0.00000000    
           0   0.00000000    
           0   0.00000000    
           0   0.00000000    
           0   0.00000000    
           0   0.00000000    
           0   0.00000000    
